<?xml version="1.0" encoding="UTF-8"?>
<testng-results ignored="0" total="1" passed="1" failed="0" skipped="0">
  <reporter-output>
  </reporter-output>
  <suite started-at="2022-01-03T15:06:06 IST" name="Default suite" finished-at="2022-01-03T15:06:45 IST" duration-ms="39258">
    <groups>
    </groups>
    <test started-at="2022-01-03T15:06:06 IST" name="Default test" finished-at="2022-01-03T15:06:45 IST" duration-ms="39258">
      <class name="InterviewQuestions.test_0_1">
        <test-method signature="test()[pri:0, instance:InterviewQuestions.test_0_1@53aad5d5]" started-at="2022-01-03T15:06:06 IST" name="test" finished-at="2022-01-03T15:06:45 IST" duration-ms="39208" status="PASS">
          <reporter-output>
          </reporter-output>
        </test-method> <!-- test -->
      </class> <!-- InterviewQuestions.test_0_1 -->
    </test> <!-- Default test -->
  </suite> <!-- Default suite -->
</testng-results>
